2025-12-17 09:48:51,981 - rf_scene_generator - INFO - Start generating 3 scenes
2025-12-17 09:48:51,981 - rf_scene_generator - INFO - Center coordinates: (34.052235, -118.243683)
2025-12-17 09:48:51,981 - rf_scene_generator - INFO - Generation radius: 20.0 km
2025-12-17 09:48:51,981 - rf_scene_generator - INFO - Scene size: 130x130 meters
2025-12-17 09:48:51,981 - rf_scene_generator - INFO - Generation mode: osm_retry
2025-12-17 09:48:51,981 - rf_scene_generator - INFO - Strategy: Prefer OSM data; if it fails, re-sample within search radius and retry OSM
2025-12-17 09:48:51,981 - rf_scene_generator - INFO - OSM retry params - Max attempts: 10, Search radius: 3.0km
2025-12-17 09:48:51,981 - rf_scene_generator - INFO - Generated 3 coordinate points
2025-12-17 09:48:51,981 - rf_scene_generator - INFO - Starting batch generation of 3 scenes
2025-12-17 09:48:51,981 - rf_scene_generator - INFO - Generation mode: osm_retry
2025-12-17 09:48:51,981 - rf_scene_generator - INFO - OSM retry params - Max attempts: 10, Search radius: 3.0km
2025-12-17 09:48:51,981 - rf_scene_generator - INFO - Random fallback after OSM failure: Disabled
2025-12-17 09:48:51,981 - rf_scene_generator - INFO - Processing scene 1/3: (33.949393, -118.182020)
2025-12-17 09:48:51,981 - rf_scene_generator - INFO - Using OSM retry mode, max attempts: 10, search radius: 3.0km
2025-12-17 09:48:51,982 - rf_scene_generator - INFO - OSM attempt 1/10: (33.949393, -118.182020) distance from origin: 0.00km
2025-12-17 09:48:59,817 - rf_scene_generator - INFO - ✓ OSM generation succeeded using coords: (33.949393, -118.182020)
2025-12-17 09:48:59,817 - rf_scene_generator - INFO - ✓ Scene generated successfully: OSM (attempts 1)
2025-12-17 09:48:59,817 - rf_scene_generator - INFO -   Actual coordinates: (33.949393, -118.182020) distance from origin: 0.00km
2025-12-17 09:49:00,818 - rf_scene_generator - INFO - Processing scene 2/3: (34.025879, -118.144931)
2025-12-17 09:49:00,818 - rf_scene_generator - INFO - Using OSM retry mode, max attempts: 10, search radius: 3.0km
2025-12-17 09:49:00,819 - rf_scene_generator - INFO - OSM attempt 1/10: (34.025879, -118.144931) distance from origin: 0.00km
2025-12-17 09:50:09,677 - rf_scene_generator - INFO - ✓ OSM generation succeeded using coords: (34.025879, -118.144931)
2025-12-17 09:50:09,677 - rf_scene_generator - INFO - ✓ Scene generated successfully: OSM (attempts 1)
2025-12-17 09:50:09,677 - rf_scene_generator - INFO -   Actual coordinates: (34.025879, -118.144931) distance from origin: 0.00km
2025-12-17 09:50:10,677 - rf_scene_generator - INFO - Processing scene 3/3: (33.934784, -118.168892)
2025-12-17 09:50:10,678 - rf_scene_generator - INFO - Using OSM retry mode, max attempts: 10, search radius: 3.0km
2025-12-17 09:50:10,678 - rf_scene_generator - INFO - OSM attempt 1/10: (33.934784, -118.168892) distance from origin: 0.00km
2025-12-17 09:50:15,711 - rf_scene_generator - INFO - ✓ OSM generation succeeded using coords: (33.934784, -118.168892)
2025-12-17 09:50:15,711 - rf_scene_generator - INFO - ✓ Scene generated successfully: OSM (attempts 1)
2025-12-17 09:50:15,711 - rf_scene_generator - INFO -   Actual coordinates: (33.934784, -118.168892) distance from origin: 0.00km
2025-12-17 09:50:16,712 - rf_scene_generator - INFO - Batch generation completed!
2025-12-17 09:50:16,712 - rf_scene_generator - INFO - Total success: 3/3
2025-12-17 09:50:16,712 - rf_scene_generator - INFO - OSM scenes: 3, Random scenes: 0, Failed: 0
2025-12-17 09:50:16,712 - rf_scene_generator - INFO - Average OSM attempts: 1.0
2025-12-17 09:50:16,712 - rf_scene_generator - INFO - Scene generation completed! Success: 3/3
2025-12-17 09:50:16,712 - rf_scene_generator - INFO - Details of successfully generated scenes:
2025-12-17 09:50:16,712 - rf_scene_generator - INFO -   1. scene_33.949393_-118.182020 - Type: OSM - Attempts: 1 times
2025-12-17 09:50:16,712 - rf_scene_generator - INFO -      Original coordinates: (33.949393, -118.182020)
2025-12-17 09:50:16,712 - rf_scene_generator - INFO -      Actual coordinates: (33.949393, -118.182020) Offset: 0.00km
2025-12-17 09:50:16,712 - rf_scene_generator - INFO -   2. scene_34.025879_-118.144931 - Type: OSM - Attempts: 1 times
2025-12-17 09:50:16,712 - rf_scene_generator - INFO -      Original coordinates: (34.025879, -118.144931)
2025-12-17 09:50:16,712 - rf_scene_generator - INFO -      Actual coordinates: (34.025879, -118.144931) Offset: 0.00km
2025-12-17 09:50:16,712 - rf_scene_generator - INFO -   3. scene_33.934784_-118.168892 - Type: OSM - Attempts: 1 times
2025-12-17 09:50:16,712 - rf_scene_generator - INFO -      Original coordinates: (33.934784, -118.168892)
2025-12-17 09:50:16,712 - rf_scene_generator - INFO -      Actual coordinates: (33.934784, -118.168892) Offset: 0.00km
2025-12-17 09:50:16,712 - rf_scene_generator - INFO - 
Scene type statistics:
2025-12-17 09:50:16,712 - rf_scene_generator - INFO -   OSM scenes: 3
2025-12-17 09:50:16,712 - rf_scene_generator - INFO -   Random scenes: 0
2025-12-17 09:50:16,712 - rf_scene_generator - INFO -   Average attempts for OSM scenes: 1.0
2025-12-17 09:50:16,712 - rf_scene_generator - INFO -   Average offset distance for OSM scenes: 0.00km
